{"/Users/andelaeveloper/Documents/CHECKPOINT/InvertedIndexProject/spec/index-spec.js":{"path":"/Users/andelaeveloper/Documents/CHECKPOINT/InvertedIndexProject/spec/index-spec.js","s":{"1":1,"2":1,"3":1,"4":1,"5":1,"6":1,"7":1,"8":1,"9":1,"10":1,"11":1,"12":1,"13":1,"14":1,"15":1,"16":1,"17":1,"18":1,"19":1,"20":1,"21":1,"22":1,"23":1,"24":1,"25":1,"26":1,"27":1,"28":1,"29":1,"30":1,"31":1,"32":1,"33":1,"34":1,"35":1,"36":1,"37":1,"38":1,"39":1,"40":1,"41":1,"42":1,"43":1,"44":1,"45":1,"46":1,"47":1,"48":1,"49":1,"50":1,"51":1,"52":1,"53":1,"54":1,"55":1,"56":1,"57":1,"58":1,"59":1},"b":{},"f":{},"fnMap":{},"statementMap":{"1":{"start":{"line":1,"column":0},"end":{"line":1,"column":49}},"2":{"start":{"line":2,"column":0},"end":{"line":2,"column":50}},"3":{"start":{"line":3,"column":0},"end":{"line":3,"column":47}},"4":{"start":{"line":5,"column":0},"end":{"line":5,"column":34}},"5":{"start":{"line":7,"column":0},"end":{"line":16,"column":2}},"6":{"start":{"line":19,"column":0},"end":{"line":36,"column":3}},"7":{"start":{"line":20,"column":2},"end":{"line":20,"column":51}},"8":{"start":{"line":21,"column":2},"end":{"line":23,"column":5}},"9":{"start":{"line":22,"column":4},"end":{"line":22,"column":49}},"10":{"start":{"line":24,"column":2},"end":{"line":26,"column":5}},"11":{"start":{"line":25,"column":4},"end":{"line":25,"column":52}},"12":{"start":{"line":27,"column":2},"end":{"line":29,"column":5}},"13":{"start":{"line":28,"column":4},"end":{"line":28,"column":49}},"14":{"start":{"line":30,"column":2},"end":{"line":32,"column":5}},"15":{"start":{"line":31,"column":4},"end":{"line":31,"column":53}},"16":{"start":{"line":33,"column":2},"end":{"line":35,"column":5}},"17":{"start":{"line":34,"column":4},"end":{"line":34,"column":52}},"18":{"start":{"line":38,"column":0},"end":{"line":58,"column":3}},"19":{"start":{"line":39,"column":2},"end":{"line":39,"column":47}},"20":{"start":{"line":40,"column":2},"end":{"line":43,"column":5}},"21":{"start":{"line":41,"column":4},"end":{"line":42,"column":26}},"22":{"start":{"line":45,"column":2},"end":{"line":57,"column":7}},"23":{"start":{"line":47,"column":6},"end":{"line":56,"column":9}},"24":{"start":{"line":59,"column":0},"end":{"line":89,"column":3}},"25":{"start":{"line":60,"column":2},"end":{"line":60,"column":54}},"26":{"start":{"line":61,"column":2},"end":{"line":64,"column":5}},"27":{"start":{"line":62,"column":4},"end":{"line":63,"column":26}},"28":{"start":{"line":66,"column":2},"end":{"line":88,"column":7}},"29":{"start":{"line":68,"column":6},"end":{"line":87,"column":9}},"30":{"start":{"line":91,"column":0},"end":{"line":109,"column":3}},"31":{"start":{"line":92,"column":2},"end":{"line":97,"column":5}},"32":{"start":{"line":93,"column":4},"end":{"line":96,"column":7}},"33":{"start":{"line":98,"column":2},"end":{"line":101,"column":5}},"34":{"start":{"line":99,"column":4},"end":{"line":99,"column":40}},"35":{"start":{"line":100,"column":4},"end":{"line":100,"column":86}},"36":{"start":{"line":102,"column":2},"end":{"line":108,"column":5}},"37":{"start":{"line":103,"column":4},"end":{"line":107,"column":7}},"38":{"start":{"line":111,"column":0},"end":{"line":118,"column":3}},"39":{"start":{"line":112,"column":2},"end":{"line":117,"column":5}},"40":{"start":{"line":113,"column":4},"end":{"line":113,"column":38}},"41":{"start":{"line":114,"column":4},"end":{"line":114,"column":47}},"42":{"start":{"line":115,"column":4},"end":{"line":115,"column":42}},"43":{"start":{"line":116,"column":4},"end":{"line":116,"column":41}},"44":{"start":{"line":120,"column":0},"end":{"line":125,"column":3}},"45":{"start":{"line":121,"column":2},"end":{"line":124,"column":7}},"46":{"start":{"line":123,"column":6},"end":{"line":123,"column":59}},"47":{"start":{"line":127,"column":0},"end":{"line":151,"column":3}},"48":{"start":{"line":128,"column":2},"end":{"line":130,"column":5}},"49":{"start":{"line":129,"column":4},"end":{"line":129,"column":62}},"50":{"start":{"line":132,"column":2},"end":{"line":134,"column":5}},"51":{"start":{"line":133,"column":4},"end":{"line":133,"column":63}},"52":{"start":{"line":136,"column":2},"end":{"line":138,"column":5}},"53":{"start":{"line":137,"column":4},"end":{"line":137,"column":59}},"54":{"start":{"line":140,"column":2},"end":{"line":142,"column":5}},"55":{"start":{"line":141,"column":4},"end":{"line":141,"column":59}},"56":{"start":{"line":144,"column":2},"end":{"line":146,"column":5}},"57":{"start":{"line":145,"column":4},"end":{"line":145,"column":62}},"58":{"start":{"line":148,"column":2},"end":{"line":150,"column":5}},"59":{"start":{"line":149,"column":4},"end":{"line":149,"column":64}}},"branchMap":{}},"/Users/andelaeveloper/Documents/CHECKPOINT/InvertedIndexProject/Model/inverted-index.js":{"path":"/Users/andelaeveloper/Documents/CHECKPOINT/InvertedIndexProject/Model/inverted-index.js","s":{"1":1,"2":1,"3":1,"4":1,"5":10,"6":10,"7":0,"8":0,"9":0,"10":4,"11":4,"12":4,"13":4,"14":0,"15":4,"16":8,"17":0,"18":0,"19":4,"20":0,"21":3,"22":3,"23":3,"24":6,"25":6,"26":6,"27":6,"28":37,"29":34,"30":3,"31":3,"32":3,"33":4,"34":0,"35":4,"36":3,"37":3,"38":3,"39":0,"40":0,"41":0,"42":3,"43":3,"44":6,"45":3,"46":3,"47":3,"48":3,"49":3,"50":3,"51":3,"52":3,"53":6,"54":5,"55":70,"56":5,"57":3,"58":0,"59":0,"60":0,"61":0,"62":0,"63":0,"64":0,"65":0,"66":0,"67":0,"68":0,"69":0,"70":1},"b":{"1":[0,4],"2":[4,4],"3":[0,8],"4":[8,8],"5":[0,4],"6":[34,3],"7":[3,0],"8":[0,4],"9":[0,3],"10":[3,0],"11":[0,0],"12":[3,0],"13":[5,1],"14":[5,65],"15":[0,0],"16":[0,0]},"f":{"1":1,"2":10,"3":0,"4":4,"5":3,"6":4,"7":3,"8":3},"fnMap":{"1":{"name":"(anonymous_1)","line":2,"loc":{"start":{"line":2,"column":13},"end":{"line":2,"column":16}}},"2":{"name":"(anonymous_2)","line":9,"loc":{"start":{"line":9,"column":10},"end":{"line":9,"column":18}}},"3":{"name":"(anonymous_3)","line":18,"loc":{"start":{"line":18,"column":15},"end":{"line":18,"column":23}}},"4":{"name":"(anonymous_4)","line":24,"loc":{"start":{"line":24,"column":14},"end":{"line":24,"column":21}}},"5":{"name":"(anonymous_5)","line":56,"loc":{"start":{"line":56,"column":13},"end":{"line":56,"column":36}}},"6":{"name":"(anonymous_6)","line":76,"loc":{"start":{"line":76,"column":10},"end":{"line":76,"column":21}}},"7":{"name":"(anonymous_7)","line":83,"loc":{"start":{"line":83,"column":15},"end":{"line":83,"column":18}}},"8":{"name":"(anonymous_8)","line":101,"loc":{"start":{"line":101,"column":13},"end":{"line":101,"column":32}}}},"statementMap":{"1":{"start":{"line":3,"column":4},"end":{"line":3,"column":20}},"2":{"start":{"line":4,"column":4},"end":{"line":4,"column":26}},"3":{"start":{"line":5,"column":4},"end":{"line":5,"column":27}},"4":{"start":{"line":6,"column":4},"end":{"line":6,"column":23}},"5":{"start":{"line":10,"column":4},"end":{"line":14,"column":12}},"6":{"start":{"line":15,"column":4},"end":{"line":15,"column":17}},"7":{"start":{"line":19,"column":4},"end":{"line":19,"column":39}},"8":{"start":{"line":20,"column":4},"end":{"line":21,"column":39}},"9":{"start":{"line":21,"column":8},"end":{"line":21,"column":37}},"10":{"start":{"line":25,"column":4},"end":{"line":25,"column":26}},"11":{"start":{"line":26,"column":4},"end":{"line":29,"column":6}},"12":{"start":{"line":30,"column":4},"end":{"line":50,"column":5}},"13":{"start":{"line":31,"column":6},"end":{"line":36,"column":7}},"14":{"start":{"line":32,"column":8},"end":{"line":35,"column":10}},"15":{"start":{"line":37,"column":6},"end":{"line":44,"column":9}},"16":{"start":{"line":38,"column":8},"end":{"line":43,"column":9}},"17":{"start":{"line":39,"column":10},"end":{"line":42,"column":12}},"18":{"start":{"line":46,"column":6},"end":{"line":49,"column":8}},"19":{"start":{"line":51,"column":4},"end":{"line":53,"column":5}},"20":{"start":{"line":52,"column":6},"end":{"line":52,"column":33}},"21":{"start":{"line":57,"column":4},"end":{"line":57,"column":24}},"22":{"start":{"line":58,"column":4},"end":{"line":58,"column":34}},"23":{"start":{"line":60,"column":4},"end":{"line":72,"column":7}},"24":{"start":{"line":61,"column":6},"end":{"line":61,"column":60}},"25":{"start":{"line":62,"column":6},"end":{"line":62,"column":52}},"26":{"start":{"line":63,"column":6},"end":{"line":63,"column":45}},"27":{"start":{"line":65,"column":6},"end":{"line":71,"column":9}},"28":{"start":{"line":66,"column":8},"end":{"line":70,"column":9}},"29":{"start":{"line":67,"column":10},"end":{"line":67,"column":38}},"30":{"start":{"line":68,"column":15},"end":{"line":70,"column":9}},"31":{"start":{"line":69,"column":10},"end":{"line":69,"column":40}},"32":{"start":{"line":73,"column":4},"end":{"line":73,"column":36}},"33":{"start":{"line":77,"column":4},"end":{"line":79,"column":5}},"34":{"start":{"line":78,"column":6},"end":{"line":78,"column":24}},"35":{"start":{"line":81,"column":4},"end":{"line":81,"column":32}},"36":{"start":{"line":84,"column":4},"end":{"line":84,"column":26}},"37":{"start":{"line":85,"column":4},"end":{"line":98,"column":5}},"38":{"start":{"line":86,"column":6},"end":{"line":97,"column":7}},"39":{"start":{"line":87,"column":8},"end":{"line":91,"column":9}},"40":{"start":{"line":88,"column":10},"end":{"line":90,"column":11}},"41":{"start":{"line":89,"column":12},"end":{"line":89,"column":42}},"42":{"start":{"line":93,"column":8},"end":{"line":93,"column":36}},"43":{"start":{"line":94,"column":8},"end":{"line":96,"column":11}},"44":{"start":{"line":95,"column":10},"end":{"line":95,"column":38}},"45":{"start":{"line":102,"column":4},"end":{"line":102,"column":28}},"46":{"start":{"line":103,"column":4},"end":{"line":103,"column":24}},"47":{"start":{"line":104,"column":4},"end":{"line":137,"column":5}},"48":{"start":{"line":105,"column":6},"end":{"line":105,"column":49}},"49":{"start":{"line":106,"column":6},"end":{"line":106,"column":40}},"50":{"start":{"line":107,"column":6},"end":{"line":107,"column":32}},"51":{"start":{"line":108,"column":6},"end":{"line":108,"column":31}},"52":{"start":{"line":109,"column":6},"end":{"line":117,"column":9}},"53":{"start":{"line":110,"column":8},"end":{"line":116,"column":9}},"54":{"start":{"line":111,"column":10},"end":{"line":115,"column":13}},"55":{"start":{"line":112,"column":12},"end":{"line":114,"column":13}},"56":{"start":{"line":113,"column":14},"end":{"line":113,"column":65}},"57":{"start":{"line":118,"column":6},"end":{"line":118,"column":26}},"58":{"start":{"line":120,"column":6},"end":{"line":135,"column":9}},"59":{"start":{"line":121,"column":8},"end":{"line":121,"column":51}},"60":{"start":{"line":122,"column":8},"end":{"line":122,"column":42}},"61":{"start":{"line":123,"column":8},"end":{"line":123,"column":34}},"62":{"start":{"line":124,"column":8},"end":{"line":124,"column":33}},"63":{"start":{"line":125,"column":8},"end":{"line":133,"column":11}},"64":{"start":{"line":126,"column":10},"end":{"line":132,"column":11}},"65":{"start":{"line":127,"column":12},"end":{"line":131,"column":15}},"66":{"start":{"line":128,"column":14},"end":{"line":130,"column":15}},"67":{"start":{"line":129,"column":16},"end":{"line":129,"column":67}},"68":{"start":{"line":134,"column":8},"end":{"line":134,"column":42}},"69":{"start":{"line":136,"column":6},"end":{"line":136,"column":22}},"70":{"start":{"line":141,"column":0},"end":{"line":141,"column":23}}},"branchMap":{"1":{"line":31,"type":"if","locations":[{"start":{"line":31,"column":6},"end":{"line":31,"column":6}},{"start":{"line":31,"column":6},"end":{"line":31,"column":6}}]},"2":{"line":31,"type":"binary-expr","locations":[{"start":{"line":31,"column":10},"end":{"line":31,"column":34}},{"start":{"line":31,"column":38},"end":{"line":31,"column":53}}]},"3":{"line":38,"type":"if","locations":[{"start":{"line":38,"column":8},"end":{"line":38,"column":8}},{"start":{"line":38,"column":8},"end":{"line":38,"column":8}}]},"4":{"line":38,"type":"binary-expr","locations":[{"start":{"line":38,"column":12},"end":{"line":38,"column":35}},{"start":{"line":38,"column":39},"end":{"line":38,"column":61}}]},"5":{"line":51,"type":"if","locations":[{"start":{"line":51,"column":4},"end":{"line":51,"column":4}},{"start":{"line":51,"column":4},"end":{"line":51,"column":4}}]},"6":{"line":66,"type":"if","locations":[{"start":{"line":66,"column":8},"end":{"line":66,"column":8}},{"start":{"line":66,"column":8},"end":{"line":66,"column":8}}]},"7":{"line":68,"type":"if","locations":[{"start":{"line":68,"column":15},"end":{"line":68,"column":15}},{"start":{"line":68,"column":15},"end":{"line":68,"column":15}}]},"8":{"line":77,"type":"if","locations":[{"start":{"line":77,"column":4},"end":{"line":77,"column":4}},{"start":{"line":77,"column":4},"end":{"line":77,"column":4}}]},"9":{"line":86,"type":"if","locations":[{"start":{"line":86,"column":6},"end":{"line":86,"column":6}},{"start":{"line":86,"column":6},"end":{"line":86,"column":6}}]},"10":{"line":86,"type":"binary-expr","locations":[{"start":{"line":86,"column":10},"end":{"line":86,"column":31}},{"start":{"line":86,"column":35},"end":{"line":86,"column":58}}]},"11":{"line":88,"type":"if","locations":[{"start":{"line":88,"column":10},"end":{"line":88,"column":10}},{"start":{"line":88,"column":10},"end":{"line":88,"column":10}}]},"12":{"line":104,"type":"if","locations":[{"start":{"line":104,"column":4},"end":{"line":104,"column":4}},{"start":{"line":104,"column":4},"end":{"line":104,"column":4}}]},"13":{"line":110,"type":"if","locations":[{"start":{"line":110,"column":8},"end":{"line":110,"column":8}},{"start":{"line":110,"column":8},"end":{"line":110,"column":8}}]},"14":{"line":112,"type":"if","locations":[{"start":{"line":112,"column":12},"end":{"line":112,"column":12}},{"start":{"line":112,"column":12},"end":{"line":112,"column":12}}]},"15":{"line":126,"type":"if","locations":[{"start":{"line":126,"column":10},"end":{"line":126,"column":10}},{"start":{"line":126,"column":10},"end":{"line":126,"column":10}}]},"16":{"line":128,"type":"if","locations":[{"start":{"line":128,"column":14},"end":{"line":128,"column":14}},{"start":{"line":128,"column":14},"end":{"line":128,"column":14}}]}}}}