{"/Users/andelaeveloper/Documents/CHECKPOINT/InvertedIndexProject/spec/index.spec.js":{"path":"/Users/andelaeveloper/Documents/CHECKPOINT/InvertedIndexProject/spec/index.spec.js","s":{"1":1,"2":1,"3":1,"4":1,"5":1,"6":1,"7":1,"8":1,"9":1,"10":1,"11":1,"12":1,"13":1,"14":1,"15":1,"16":1,"17":1,"18":1,"19":1,"20":1,"21":1,"22":1,"23":1,"24":1,"25":1,"26":1,"27":1,"28":1,"29":1,"30":1,"31":1,"32":1,"33":1,"34":1,"35":1,"36":1,"37":1,"38":1,"39":1,"40":1,"41":1,"42":1,"43":1,"44":1,"45":1,"46":1,"47":1,"48":1,"49":1,"50":1,"51":1,"52":1,"53":1,"54":1,"55":1,"56":1,"57":1,"58":1,"59":1,"60":1,"61":1},"b":{},"f":{},"fnMap":{},"statementMap":{"1":{"start":{"line":1,"column":0},"end":{"line":1,"column":56}},"2":{"start":{"line":2,"column":0},"end":{"line":2,"column":43}},"3":{"start":{"line":3,"column":0},"end":{"line":3,"column":43}},"4":{"start":{"line":4,"column":0},"end":{"line":4,"column":45}},"5":{"start":{"line":6,"column":0},"end":{"line":6,"column":36}},"6":{"start":{"line":8,"column":0},"end":{"line":8,"column":26}},"7":{"start":{"line":10,"column":0},"end":{"line":10,"column":42}},"8":{"start":{"line":11,"column":0},"end":{"line":11,"column":45}},"9":{"start":{"line":12,"column":0},"end":{"line":31,"column":3}},"10":{"start":{"line":13,"column":2},"end":{"line":25,"column":7}},"11":{"start":{"line":15,"column":6},"end":{"line":24,"column":9}},"12":{"start":{"line":26,"column":2},"end":{"line":30,"column":5}},"13":{"start":{"line":27,"column":4},"end":{"line":27,"column":51}},"14":{"start":{"line":28,"column":4},"end":{"line":29,"column":29}},"15":{"start":{"line":33,"column":0},"end":{"line":59,"column":3}},"16":{"start":{"line":34,"column":2},"end":{"line":38,"column":5}},"17":{"start":{"line":35,"column":4},"end":{"line":37,"column":7}},"18":{"start":{"line":39,"column":2},"end":{"line":42,"column":5}},"19":{"start":{"line":40,"column":4},"end":{"line":40,"column":40}},"20":{"start":{"line":41,"column":4},"end":{"line":41,"column":71}},"21":{"start":{"line":43,"column":2},"end":{"line":46,"column":5}},"22":{"start":{"line":44,"column":4},"end":{"line":45,"column":26}},"23":{"start":{"line":47,"column":2},"end":{"line":58,"column":5}},"24":{"start":{"line":48,"column":4},"end":{"line":48,"column":49}},"25":{"start":{"line":49,"column":4},"end":{"line":57,"column":7}},"26":{"start":{"line":62,"column":0},"end":{"line":83,"column":3}},"27":{"start":{"line":63,"column":2},"end":{"line":66,"column":7}},"28":{"start":{"line":65,"column":6},"end":{"line":65,"column":67}},"29":{"start":{"line":67,"column":2},"end":{"line":69,"column":5}},"30":{"start":{"line":68,"column":4},"end":{"line":68,"column":78}},"31":{"start":{"line":70,"column":2},"end":{"line":73,"column":5}},"32":{"start":{"line":71,"column":4},"end":{"line":71,"column":69}},"33":{"start":{"line":72,"column":4},"end":{"line":72,"column":63}},"34":{"start":{"line":74,"column":2},"end":{"line":79,"column":5}},"35":{"start":{"line":75,"column":4},"end":{"line":76,"column":41}},"36":{"start":{"line":77,"column":4},"end":{"line":78,"column":46}},"37":{"start":{"line":80,"column":2},"end":{"line":82,"column":5}},"38":{"start":{"line":81,"column":4},"end":{"line":81,"column":79}},"39":{"start":{"line":85,"column":0},"end":{"line":105,"column":3}},"40":{"start":{"line":86,"column":2},"end":{"line":88,"column":5}},"41":{"start":{"line":87,"column":4},"end":{"line":87,"column":62}},"42":{"start":{"line":90,"column":2},"end":{"line":92,"column":5}},"43":{"start":{"line":91,"column":4},"end":{"line":91,"column":63}},"44":{"start":{"line":94,"column":2},"end":{"line":96,"column":5}},"45":{"start":{"line":95,"column":4},"end":{"line":95,"column":59}},"46":{"start":{"line":98,"column":2},"end":{"line":100,"column":5}},"47":{"start":{"line":99,"column":4},"end":{"line":99,"column":59}},"48":{"start":{"line":102,"column":2},"end":{"line":104,"column":5}},"49":{"start":{"line":103,"column":4},"end":{"line":103,"column":62}},"50":{"start":{"line":107,"column":0},"end":{"line":116,"column":3}},"51":{"start":{"line":108,"column":2},"end":{"line":115,"column":6}},"52":{"start":{"line":110,"column":5},"end":{"line":110,"column":48}},"53":{"start":{"line":111,"column":5},"end":{"line":114,"column":8}},"54":{"start":{"line":112,"column":7},"end":{"line":112,"column":57}},"55":{"start":{"line":113,"column":7},"end":{"line":113,"column":14}},"56":{"start":{"line":118,"column":0},"end":{"line":125,"column":3}},"57":{"start":{"line":119,"column":2},"end":{"line":124,"column":5}},"58":{"start":{"line":120,"column":4},"end":{"line":120,"column":49}},"59":{"start":{"line":121,"column":4},"end":{"line":121,"column":61}},"60":{"start":{"line":122,"column":4},"end":{"line":122,"column":42}},"61":{"start":{"line":123,"column":4},"end":{"line":123,"column":41}}},"branchMap":{}},"/Users/andelaeveloper/Documents/CHECKPOINT/InvertedIndexProject/Model/InvertedIndex.js":{"path":"/Users/andelaeveloper/Documents/CHECKPOINT/InvertedIndexProject/Model/InvertedIndex.js","s":{"1":1,"2":1,"3":1,"4":1,"5":1,"6":1,"7":1,"8":12,"9":12,"10":1,"11":1,"12":1,"13":7,"14":7,"15":7,"16":4,"17":3,"18":5,"19":1,"20":7,"21":3,"22":3,"23":5,"24":5,"25":5,"26":5,"27":30,"28":27,"29":3,"30":2,"31":3,"32":2,"33":4,"34":4,"35":4,"36":3,"37":3,"38":3,"39":5,"40":2,"41":16,"42":2,"43":3,"44":1,"45":3,"46":3,"47":3,"48":3,"49":6,"50":6,"51":54,"52":2,"53":3,"54":1,"55":1},"b":{"1":[4,3],"2":[7,3],"3":[1,4],"4":[5,4],"5":[27,3],"6":[2,1],"7":[3,1],"8":[2,3],"9":[2,14],"10":[6,0],"11":[2,52]},"f":{"1":1,"2":12,"3":1,"4":7,"5":3,"6":2,"7":4},"fnMap":{"1":{"name":"(anonymous_1)","line":13,"loc":{"start":{"line":13,"column":13},"end":{"line":13,"column":16}}},"2":{"name":"(anonymous_2)","line":26,"loc":{"start":{"line":26,"column":10},"end":{"line":26,"column":18}}},"3":{"name":"(anonymous_3)","line":38,"loc":{"start":{"line":38,"column":17},"end":{"line":38,"column":34}}},"4":{"name":"(anonymous_4)","line":51,"loc":{"start":{"line":51,"column":21},"end":{"line":51,"column":28}}},"5":{"name":"(anonymous_5)","line":83,"loc":{"start":{"line":83,"column":13},"end":{"line":83,"column":37}}},"6":{"name":"(anonymous_6)","line":107,"loc":{"start":{"line":107,"column":10},"end":{"line":107,"column":21}}},"7":{"name":"(anonymous_7)","line":119,"loc":{"start":{"line":119,"column":13},"end":{"line":119,"column":37}}}},"statementMap":{"1":{"start":{"line":1,"column":0},"end":{"line":1,"column":36}},"2":{"start":{"line":3,"column":0},"end":{"line":3,"column":38}},"3":{"start":{"line":14,"column":4},"end":{"line":14,"column":20}},"4":{"start":{"line":15,"column":4},"end":{"line":15,"column":26}},"5":{"start":{"line":16,"column":4},"end":{"line":16,"column":27}},"6":{"start":{"line":17,"column":4},"end":{"line":17,"column":23}},"7":{"start":{"line":18,"column":4},"end":{"line":18,"column":20}},"8":{"start":{"line":27,"column":4},"end":{"line":29,"column":18}},"9":{"start":{"line":30,"column":4},"end":{"line":30,"column":22}},"10":{"start":{"line":39,"column":4},"end":{"line":39,"column":36}},"11":{"start":{"line":40,"column":4},"end":{"line":40,"column":29}},"12":{"start":{"line":41,"column":4},"end":{"line":41,"column":28}},"13":{"start":{"line":52,"column":4},"end":{"line":52,"column":26}},"14":{"start":{"line":53,"column":4},"end":{"line":56,"column":6}},"15":{"start":{"line":57,"column":4},"end":{"line":71,"column":5}},"16":{"start":{"line":58,"column":6},"end":{"line":61,"column":8}},"17":{"start":{"line":63,"column":6},"end":{"line":70,"column":9}},"18":{"start":{"line":64,"column":8},"end":{"line":69,"column":9}},"19":{"start":{"line":65,"column":10},"end":{"line":68,"column":12}},"20":{"start":{"line":72,"column":4},"end":{"line":72,"column":17}},"21":{"start":{"line":84,"column":4},"end":{"line":84,"column":24}},"22":{"start":{"line":85,"column":4},"end":{"line":97,"column":7}},"23":{"start":{"line":86,"column":6},"end":{"line":86,"column":60}},"24":{"start":{"line":87,"column":6},"end":{"line":87,"column":52}},"25":{"start":{"line":88,"column":6},"end":{"line":88,"column":34}},"26":{"start":{"line":90,"column":6},"end":{"line":96,"column":9}},"27":{"start":{"line":91,"column":8},"end":{"line":95,"column":9}},"28":{"start":{"line":92,"column":10},"end":{"line":92,"column":38}},"29":{"start":{"line":93,"column":15},"end":{"line":95,"column":9}},"30":{"start":{"line":94,"column":10},"end":{"line":94,"column":40}},"31":{"start":{"line":98,"column":4},"end":{"line":98,"column":36}},"32":{"start":{"line":108,"column":4},"end":{"line":108,"column":32}},"33":{"start":{"line":120,"column":4},"end":{"line":120,"column":28}},"34":{"start":{"line":121,"column":4},"end":{"line":121,"column":29}},"35":{"start":{"line":122,"column":4},"end":{"line":135,"column":5}},"36":{"start":{"line":123,"column":6},"end":{"line":123,"column":49}},"37":{"start":{"line":124,"column":6},"end":{"line":124,"column":47}},"38":{"start":{"line":125,"column":6},"end":{"line":133,"column":9}},"39":{"start":{"line":126,"column":8},"end":{"line":132,"column":9}},"40":{"start":{"line":127,"column":10},"end":{"line":131,"column":13}},"41":{"start":{"line":128,"column":12},"end":{"line":130,"column":13}},"42":{"start":{"line":129,"column":14},"end":{"line":129,"column":65}},"43":{"start":{"line":134,"column":6},"end":{"line":134,"column":26}},"44":{"start":{"line":136,"column":4},"end":{"line":150,"column":7}},"45":{"start":{"line":137,"column":6},"end":{"line":137,"column":27}},"46":{"start":{"line":138,"column":6},"end":{"line":138,"column":49}},"47":{"start":{"line":139,"column":6},"end":{"line":139,"column":47}},"48":{"start":{"line":140,"column":6},"end":{"line":148,"column":9}},"49":{"start":{"line":141,"column":8},"end":{"line":147,"column":9}},"50":{"start":{"line":142,"column":10},"end":{"line":146,"column":13}},"51":{"start":{"line":143,"column":12},"end":{"line":145,"column":13}},"52":{"start":{"line":144,"column":14},"end":{"line":144,"column":68}},"53":{"start":{"line":149,"column":6},"end":{"line":149,"column":47}},"54":{"start":{"line":151,"column":4},"end":{"line":151,"column":24}},"55":{"start":{"line":155,"column":0},"end":{"line":155,"column":31}}},"branchMap":{"1":{"line":57,"type":"if","locations":[{"start":{"line":57,"column":4},"end":{"line":57,"column":4}},{"start":{"line":57,"column":4},"end":{"line":57,"column":4}}]},"2":{"line":57,"type":"binary-expr","locations":[{"start":{"line":57,"column":8},"end":{"line":57,"column":28}},{"start":{"line":57,"column":32},"end":{"line":57,"column":47}}]},"3":{"line":64,"type":"if","locations":[{"start":{"line":64,"column":8},"end":{"line":64,"column":8}},{"start":{"line":64,"column":8},"end":{"line":64,"column":8}}]},"4":{"line":64,"type":"binary-expr","locations":[{"start":{"line":64,"column":12},"end":{"line":64,"column":35}},{"start":{"line":64,"column":39},"end":{"line":64,"column":61}}]},"5":{"line":91,"type":"if","locations":[{"start":{"line":91,"column":8},"end":{"line":91,"column":8}},{"start":{"line":91,"column":8},"end":{"line":91,"column":8}}]},"6":{"line":93,"type":"if","locations":[{"start":{"line":93,"column":15},"end":{"line":93,"column":15}},{"start":{"line":93,"column":15},"end":{"line":93,"column":15}}]},"7":{"line":122,"type":"if","locations":[{"start":{"line":122,"column":4},"end":{"line":122,"column":4}},{"start":{"line":122,"column":4},"end":{"line":122,"column":4}}]},"8":{"line":126,"type":"if","locations":[{"start":{"line":126,"column":8},"end":{"line":126,"column":8}},{"start":{"line":126,"column":8},"end":{"line":126,"column":8}}]},"9":{"line":128,"type":"if","locations":[{"start":{"line":128,"column":12},"end":{"line":128,"column":12}},{"start":{"line":128,"column":12},"end":{"line":128,"column":12}}]},"10":{"line":141,"type":"if","locations":[{"start":{"line":141,"column":8},"end":{"line":141,"column":8}},{"start":{"line":141,"column":8},"end":{"line":141,"column":8}}]},"11":{"line":143,"type":"if","locations":[{"start":{"line":143,"column":12},"end":{"line":143,"column":12}},{"start":{"line":143,"column":12},"end":{"line":143,"column":12}}]}}}}