TN:
SF:/Users/andelaeveloper/Documents/CHECKPOINT/InvertedIndexProject/spec/index.spec.js
FNF:0
FNH:0
DA:1,1
DA:2,1
DA:3,1
DA:4,1
DA:6,1
DA:8,1
DA:10,1
DA:11,1
DA:12,1
DA:13,1
DA:15,1
DA:26,1
DA:27,1
DA:28,1
DA:33,1
DA:34,1
DA:35,1
DA:39,1
DA:40,1
DA:41,1
DA:43,1
DA:44,1
DA:47,1
DA:48,1
DA:49,1
DA:62,1
DA:63,1
DA:65,1
DA:67,1
DA:68,1
DA:70,1
DA:71,1
DA:72,1
DA:74,1
DA:75,1
DA:77,1
DA:80,1
DA:81,1
DA:85,1
DA:86,1
DA:87,1
DA:90,1
DA:91,1
DA:94,1
DA:95,1
DA:98,1
DA:99,1
DA:102,1
DA:103,1
DA:107,1
DA:108,1
DA:110,1
DA:111,1
DA:112,1
DA:113,1
DA:118,1
DA:119,1
DA:120,1
DA:121,1
DA:122,1
DA:123,1
LF:61
LH:61
BRF:0
BRH:0
end_of_record
TN:
SF:/Users/andelaeveloper/Documents/CHECKPOINT/InvertedIndexProject/Model/InvertedIndex.js
FN:13,(anonymous_1)
FN:26,(anonymous_2)
FN:38,(anonymous_3)
FN:51,(anonymous_4)
FN:83,(anonymous_5)
FN:107,(anonymous_6)
FN:119,(anonymous_7)
FNF:7
FNH:7
FNDA:1,(anonymous_1)
FNDA:12,(anonymous_2)
FNDA:1,(anonymous_3)
FNDA:7,(anonymous_4)
FNDA:3,(anonymous_5)
FNDA:2,(anonymous_6)
FNDA:4,(anonymous_7)
DA:1,1
DA:3,1
DA:14,1
DA:15,1
DA:16,1
DA:17,1
DA:18,1
DA:27,12
DA:30,12
DA:39,1
DA:40,1
DA:41,1
DA:52,7
DA:53,7
DA:57,7
DA:58,4
DA:63,3
DA:64,5
DA:65,1
DA:72,7
DA:84,3
DA:85,3
DA:86,5
DA:87,5
DA:88,5
DA:90,5
DA:91,30
DA:92,27
DA:93,3
DA:94,2
DA:98,3
DA:108,2
DA:120,4
DA:121,4
DA:122,4
DA:123,3
DA:124,3
DA:125,3
DA:126,5
DA:127,2
DA:128,16
DA:129,2
DA:134,3
DA:136,1
DA:137,3
DA:138,3
DA:139,3
DA:140,3
DA:141,6
DA:142,6
DA:143,54
DA:144,2
DA:149,3
DA:151,1
DA:155,1
LF:55
LH:55
BRDA:57,1,0,4
BRDA:57,1,1,3
BRDA:57,2,0,7
BRDA:57,2,1,3
BRDA:64,3,0,1
BRDA:64,3,1,4
BRDA:64,4,0,5
BRDA:64,4,1,4
BRDA:91,5,0,27
BRDA:91,5,1,3
BRDA:93,6,0,2
BRDA:93,6,1,1
BRDA:122,7,0,3
BRDA:122,7,1,1
BRDA:126,8,0,2
BRDA:126,8,1,3
BRDA:128,9,0,2
BRDA:128,9,1,14
BRDA:141,10,0,6
BRDA:141,10,1,0
BRDA:143,11,0,2
BRDA:143,11,1,52
BRF:22
BRH:21
end_of_record
