TN:
SF:/Users/andelaeveloper/Documents/CHECKPOINT/InvertedIndexProject/spec/index-spec.js
FNF:0
FNH:0
DA:1,1
DA:2,1
DA:3,1
DA:5,1
DA:7,1
DA:19,1
DA:20,1
DA:21,1
DA:22,1
DA:24,1
DA:25,1
DA:27,1
DA:28,1
DA:30,1
DA:31,1
DA:33,1
DA:34,1
DA:38,1
DA:39,1
DA:40,1
DA:41,1
DA:45,1
DA:47,1
DA:59,1
DA:60,1
DA:61,1
DA:62,1
DA:66,1
DA:68,1
DA:91,1
DA:92,1
DA:93,1
DA:98,1
DA:99,1
DA:100,1
DA:102,1
DA:103,1
DA:111,1
DA:112,1
DA:113,1
DA:114,1
DA:115,1
DA:116,1
DA:118,1
DA:119,1
DA:120,1
DA:121,1
DA:122,1
DA:126,1
DA:127,1
DA:129,1
DA:131,1
DA:132,1
DA:134,1
DA:135,1
DA:136,1
DA:140,1
DA:141,1
DA:142,1
DA:145,1
DA:146,1
DA:149,1
DA:150,1
DA:153,1
DA:154,1
DA:157,1
DA:158,1
DA:161,1
DA:162,1
LF:69
LH:69
BRF:0
BRH:0
end_of_record
TN:
SF:/Users/andelaeveloper/Documents/CHECKPOINT/InvertedIndexProject/Model/inverted-index.js
FN:2,(anonymous_1)
FN:9,(anonymous_2)
FN:18,(anonymous_3)
FN:24,(anonymous_4)
FN:50,(anonymous_5)
FN:70,(anonymous_6)
FN:77,(anonymous_7)
FN:95,(anonymous_8)
FNF:8
FNH:7
FNDA:1,(anonymous_1)
FNDA:11,(anonymous_2)
FNDA:0,(anonymous_3)
FNDA:7,(anonymous_4)
FNDA:3,(anonymous_5)
FNDA:4,(anonymous_6)
FNDA:3,(anonymous_7)
FNDA:3,(anonymous_8)
DA:3,1
DA:4,1
DA:5,1
DA:6,1
DA:10,11
DA:15,11
DA:19,0
DA:20,0
DA:21,0
DA:25,7
DA:26,7
DA:30,7
DA:31,7
DA:32,3
DA:37,7
DA:38,8
DA:39,0
DA:46,2
DA:51,3
DA:52,3
DA:54,3
DA:55,6
DA:56,6
DA:57,6
DA:59,6
DA:60,37
DA:61,34
DA:62,3
DA:63,3
DA:67,3
DA:71,4
DA:72,0
DA:75,4
DA:78,3
DA:79,3
DA:80,3
DA:81,0
DA:82,0
DA:83,0
DA:87,3
DA:88,3
DA:89,6
DA:96,3
DA:97,3
DA:98,3
DA:99,3
DA:100,3
DA:101,3
DA:102,3
DA:103,3
DA:104,6
DA:105,5
DA:106,70
DA:107,5
DA:112,3
DA:114,0
DA:115,0
DA:116,0
DA:117,0
DA:118,0
DA:119,0
DA:120,0
DA:121,0
DA:122,0
DA:123,0
DA:128,0
DA:130,0
DA:135,1
LF:68
LH:48
BRDA:31,1,0,3
BRDA:31,1,1,4
BRDA:31,2,0,7
BRDA:31,2,1,5
BRDA:38,3,0,0
BRDA:38,3,1,8
BRDA:38,4,0,8
BRDA:38,4,1,8
BRDA:60,5,0,34
BRDA:60,5,1,3
BRDA:62,6,0,3
BRDA:62,6,1,0
BRDA:71,7,0,0
BRDA:71,7,1,4
BRDA:80,8,0,0
BRDA:80,8,1,3
BRDA:80,9,0,3
BRDA:80,9,1,0
BRDA:82,10,0,0
BRDA:82,10,1,0
BRDA:98,11,0,3
BRDA:98,11,1,0
BRDA:104,12,0,5
BRDA:104,12,1,1
BRDA:106,13,0,5
BRDA:106,13,1,65
BRDA:120,14,0,0
BRDA:120,14,1,0
BRDA:122,15,0,0
BRDA:122,15,1,0
BRF:30
BRH:18
end_of_record
